<html>
<body>
<pre>
<h1>µVision Build Log</h1>
<h2>Tool Versions:</h2>
IDE-Version: µVision V5.17.0.0
Copyright (C) 2015 ARM Ltd and ARM Germany GmbH. All rights reserved.
License Information: andy du Microsoft, Microsoft, LIC=WHY15-07A9S-KWVLJ-SYVVN-UGX93-RV7MU
 
Tool Versions:
Toolchain:       MDK-ARM Standard  Version: 5.17
Toolchain Path:  C:\Keil_v5\ARM\ARMCC\Bin
C Compiler:      Armcc.exe V5.06 update 1 (build 61)
Assembler:       Armasm.exe V5.06 update 1 (build 61)
Linker/Locator:  ArmLink.exe V5.06 update 1 (build 61)
Library Manager: ArmAr.exe V5.06 update 1 (build 61)
Hex Converter:   FromElf.exe V5.06 update 1 (build 61)
CPU DLL:         SARMCM3.DLL V5.17
Dialog DLL:      DARMSTM.DLL V1.65.0.0
Target DLL:      STLink\ST-LINKIII-KEIL_SWO.dll V2.0.18.0
Dialog DLL:      TARMSTM.DLL V1.64.0.0
 
<h2>Project:</h2>
C:\Users\andy du\Desktop\11\HMI_IAR170531_target\Workspace\I_Washing_M_20161018.uvproj
Project File Date:  05/30/2017

<h2>Output:</h2>
*** Using Compiler 'V5.06 update 1 (build 61)', folder: 'C:\Keil_v5\ARM\ARMCC\Bin'
Build target 'Target 1'
compiling main.c...
compiling timer.c...
..\User_C\timer.c(100): warning:  #550-D: variable "counter_5s" was set but never used
  	static u16 counter_5s = 0;
..\User_C\timer.c(104): warning:  #177-D: variable "counter_reset" was declared but never referenced
  	static u16 counter_reset = 0;
..\User_C\timer.c: 2 warnings, 0 errors
compiling Menu.c...
compiling SystemInit.c...
compiling usart.c...
..\User_C\usart.c(94): warning:  #223-D: function "printf" declared implicitly
             printf("receive\n");
..\User_C\usart.c(113): warning:  #223-D: function "printf" declared implicitly
                     printf("send1\n");
..\User_C\usart.c(118): warning:  #223-D: function "printf" declared implicitly
                      printf("send2\n");
..\User_C\usart.c(218): warning:  #111-D: statement is unreachable
                     printf("helloworld\n");
..\User_C\usart.c(218): warning:  #223-D: function "printf" declared implicitly
                     printf("helloworld\n");
..\User_C\usart.c: 5 warnings, 0 errors
compiling SysPr.c...
compiling IIC.c...
compiling 24CXX.c...
compiling ziku.c...
compiling delay.c...
compiling rtc.c...
compiling Interrupt_Init.c...
compiling crc.c...
compiling key.c...
compiling led.c...
compiling LCD_display.c...
compiling SystemWord.c...
compiling buzz.c...
compiling DataHandle.c...
..\User_C\DataHandle.c(119): warning:  #550-D: variable "input_R" was set but never used
  	 float input_R;		
..\User_C\DataHandle.c: 1 warning, 0 errors
compiling DataExchange.c...
compiling struct_comm.c...
compiling misc.c...
compiling faultProcess.c...
compiling stm32f10x_adc.c...
compiling stm32f10x_rtc.c...
compiling stm32f10x_rcc.c...
compiling stm32f10x_tim.c...
compiling stm32f10x_bkp.c...
compiling stm32f10x_usart.c...
..\stm32f103x\src\stm32f10x_usart.c(597): warning:  #223-D: function "printf" declared implicitly
        printf("send3\n");
..\stm32f103x\src\stm32f10x_usart.c: 1 warning, 0 errors
compiling stm32f10x_pwr.c...
assembling startup_stm32f10x_md.s...
..\Core\startup_stm32f10x_md.s(41): error: A1163E: Unknown opcode MODULE , expecting opcode or Macro
..\Core\startup_stm32f10x_md.s(44): error: A1163E: Unknown opcode SECTION , expecting opcode or Macro
..\Core\startup_stm32f10x_md.s(46): error: A1163E: Unknown opcode SECTION , expecting opcode or Macro
..\Core\startup_stm32f10x_md.s(50): error: A1163E: Unknown opcode PUBLIC , expecting opcode or Macro
..\Core\startup_stm32f10x_md.s(52): error: A1159E: Label missing from line start
..\Core\startup_stm32f10x_md.s(53): error: A1355U: A Label was found which was in no AREA
compiling stm32f10x_gpio.c...
compiling stm32f10x_sdio.c...
compiling system_stm32f10x.c...
compiling stm32f10x_it.c...
"..\Output\WASH.axf" - 6 Error(s), 9 Warning(s).
Target not created.
Build Time Elapsed:  00:00:26
</pre>
</body>
</html>
